0 info it worked if it ends with ok
1 verbose cli [ '/usr/local/bin/node',
1 verbose cli   '/usr/local/bin/npm',
1 verbose cli   'install',
1 verbose cli   'gulp-minfy-css' ]
2 info using npm@2.15.8
3 info using node@v4.4.7
4 verbose install initial load of /Applications/MAMP/htdocs/workspace/copenhagen/package.json
5 verbose installManyTop reading scoped package data from /Applications/MAMP/htdocs/workspace/copenhagen/node_modules/angular-ui-bootstrap/package.json
6 verbose installManyTop reading scoped package data from /Applications/MAMP/htdocs/workspace/copenhagen/node_modules/axios/package.json
7 verbose installManyTop reading scoped package data from /Applications/MAMP/htdocs/workspace/copenhagen/node_modules/bootstrap-sass/package.json
8 verbose installManyTop reading scoped package data from /Applications/MAMP/htdocs/workspace/copenhagen/node_modules/gulp/package.json
9 verbose installManyTop reading scoped package data from /Applications/MAMP/htdocs/workspace/copenhagen/node_modules/gulp-clean-css/package.json
10 verbose installManyTop reading scoped package data from /Applications/MAMP/htdocs/workspace/copenhagen/node_modules/gulp-concat/package.json
11 verbose installManyTop reading scoped package data from /Applications/MAMP/htdocs/workspace/copenhagen/node_modules/gulp-jshint/package.json
12 verbose installManyTop reading scoped package data from /Applications/MAMP/htdocs/workspace/copenhagen/node_modules/gulp-sass/package.json
13 verbose installManyTop reading scoped package data from /Applications/MAMP/htdocs/workspace/copenhagen/node_modules/gulp-uglify/package.json
14 verbose installManyTop reading scoped package data from /Applications/MAMP/htdocs/workspace/copenhagen/node_modules/jquery/package.json
15 verbose installManyTop reading scoped package data from /Applications/MAMP/htdocs/workspace/copenhagen/node_modules/jshint/package.json
16 verbose installManyTop reading scoped package data from /Applications/MAMP/htdocs/workspace/copenhagen/node_modules/laravel-mix/package.json
17 verbose installManyTop reading scoped package data from /Applications/MAMP/htdocs/workspace/copenhagen/node_modules/lodash/package.json
18 verbose installManyTop reading scoped package data from /Applications/MAMP/htdocs/workspace/copenhagen/node_modules/vue/package.json
19 verbose installManyTop reading scoped package data from /Applications/MAMP/htdocs/workspace/copenhagen/node_modules/wget/package.json
20 info package.json laravel-mix@0.6.3 No repository field.
21 info package.json wget@0.0.1 No license field.
22 info package.json wget@0.0.1 No bin file found at ./bin/nwget.js
23 verbose readDependencies loading dependencies from /Applications/MAMP/htdocs/workspace/copenhagen/package.json
24 silly cache add args [ 'gulp-minfy-css', null ]
25 verbose cache add spec gulp-minfy-css
26 silly cache add parsed spec Result {
26 silly cache add   raw: 'gulp-minfy-css',
26 silly cache add   scope: null,
26 silly cache add   name: 'gulp-minfy-css',
26 silly cache add   rawSpec: '',
26 silly cache add   spec: 'latest',
26 silly cache add   type: 'tag' }
27 silly addNamed gulp-minfy-css@latest
28 verbose addNamed "latest" is being treated as a dist-tag for gulp-minfy-css
29 info addNameTag [ 'gulp-minfy-css', 'latest' ]
30 silly mapToRegistry name gulp-minfy-css
31 silly mapToRegistry using default registry
32 silly mapToRegistry registry https://registry.npmjs.org/
33 silly mapToRegistry data Result {
33 silly mapToRegistry   raw: 'gulp-minfy-css',
33 silly mapToRegistry   scope: null,
33 silly mapToRegistry   name: 'gulp-minfy-css',
33 silly mapToRegistry   rawSpec: '',
33 silly mapToRegistry   spec: 'latest',
33 silly mapToRegistry   type: 'tag' }
34 silly mapToRegistry uri https://registry.npmjs.org/gulp-minfy-css
35 verbose addNameTag registry:https://registry.npmjs.org/gulp-minfy-css not in flight; fetching
36 verbose request uri https://registry.npmjs.org/gulp-minfy-css
37 verbose request no auth needed
38 info attempt registry request try #1 at 7:01:47 PM
39 verbose request id 2eb40e2b13429b1d
40 http request GET https://registry.npmjs.org/gulp-minfy-css
41 http 404 https://registry.npmjs.org/gulp-minfy-css
42 verbose headers { 'content-type': 'application/json',
42 verbose headers   'cache-control': 'max-age=0',
42 verbose headers   'content-length': '2',
42 verbose headers   'accept-ranges': 'bytes',
42 verbose headers   date: 'Fri, 17 Feb 2017 11:01:48 GMT',
42 verbose headers   via: '1.1 varnish',
42 verbose headers   age: '0',
42 verbose headers   connection: 'keep-alive',
42 verbose headers   'x-served-by': 'cache-hkg6820-HKG',
42 verbose headers   'x-cache': 'MISS',
42 verbose headers   'x-cache-hits': '0',
42 verbose headers   'x-timer': 'S1487329307.417415,VS0,VE953',
42 verbose headers   vary: 'Accept-Encoding' }
43 silly get cb [ 404,
43 silly get   { 'content-type': 'application/json',
43 silly get     'cache-control': 'max-age=0',
43 silly get     'content-length': '2',
43 silly get     'accept-ranges': 'bytes',
43 silly get     date: 'Fri, 17 Feb 2017 11:01:48 GMT',
43 silly get     via: '1.1 varnish',
43 silly get     age: '0',
43 silly get     connection: 'keep-alive',
43 silly get     'x-served-by': 'cache-hkg6820-HKG',
43 silly get     'x-cache': 'MISS',
43 silly get     'x-cache-hits': '0',
43 silly get     'x-timer': 'S1487329307.417415,VS0,VE953',
43 silly get     vary: 'Accept-Encoding' } ]
44 verbose stack Error: Registry returned 404 for GET on https://registry.npmjs.org/gulp-minfy-css
44 verbose stack     at makeError (/usr/local/lib/node_modules/npm/node_modules/npm-registry-client/lib/request.js:264:12)
44 verbose stack     at CachingRegistryClient.<anonymous> (/usr/local/lib/node_modules/npm/node_modules/npm-registry-client/lib/request.js:242:14)
44 verbose stack     at Request._callback (/usr/local/lib/node_modules/npm/node_modules/npm-registry-client/lib/request.js:172:14)
44 verbose stack     at Request.self.callback (/usr/local/lib/node_modules/npm/node_modules/request/request.js:200:22)
44 verbose stack     at emitTwo (events.js:87:13)
44 verbose stack     at Request.emit (events.js:172:7)
44 verbose stack     at Request.<anonymous> (/usr/local/lib/node_modules/npm/node_modules/request/request.js:1067:10)
44 verbose stack     at emitOne (events.js:82:20)
44 verbose stack     at Request.emit (events.js:169:7)
44 verbose stack     at IncomingMessage.<anonymous> (/usr/local/lib/node_modules/npm/node_modules/request/request.js:988:12)
45 verbose statusCode 404
46 verbose pkgid gulp-minfy-css
47 verbose cwd /Applications/MAMP/htdocs/workspace/copenhagen
48 error Darwin 16.4.0
49 error argv "/usr/local/bin/node" "/usr/local/bin/npm" "install" "gulp-minfy-css"
50 error node v4.4.7
51 error npm  v2.15.8
52 error code E404
53 error 404 Registry returned 404 for GET on https://registry.npmjs.org/gulp-minfy-css
53 error 404
53 error 404 'gulp-minfy-css' is not in the npm registry.
53 error 404 You should bug the author to publish it (or use the name yourself!)
53 error 404
53 error 404 Note that you can also install from a
53 error 404 tarball, folder, http url, or git url.
54 verbose exit [ 1, true ]
